<?xml version="1.0" encoding="UTF-8"?><testsuite errors="0" failures="1" name="Register user" skipped="0" tests="1" time="25.47" timestamp="2019-11-22 03:13:50"><testcase name="Create user"><failure message="Expected enabled element was not enabled" type="net.thucydides.core.webdriver.exceptions.ElementShouldBeEnabledException">Expected enabled element was not enabled</failure><system-err>Expected enabled element was not enabled&#13;
us.com.yourlogo.tasks.CreateUser.performAs(CreateUser.java:12)&#13;
us.com.yourlogo.stepsdefinitions.CreateUserStepDefinition.whenYouReachTheCreateAccountFormTheUserFillsInTheFieldsWithTheInformationAndClickInRegister(CreateUserStepDefinition.java:40)&#13;
cucumber.runner.Runner.runPickle(Runner.java:80)&#13;
</system-err></testcase></testsuite>