<?xml version="1.0" encoding="UTF-8"?><testsuite errors="1" failures="0" name="Register user" skipped="0" tests="1" time="1.59" timestamp="2019-11-14 11:52:18"><testcase name="Create user"><error message="Could not instantiate class org.openqa.selenium.chrome.ChromeDriver" type="net.thucydides.core.webdriver.UnsupportedDriverException">Could not instantiate class org.openqa.selenium.chrome.ChromeDriver</error><system-err>Could not instantiate class org.openqa.selenium.chrome.ChromeDriver&#13;
us.com.yourlogo.tasks.OpenWebsite.performAs(OpenWebsite.java:20)&#13;
us.com.yourlogo.stepsdefinitions.CreateUserStepDefinition.enterTheWebsiteYourLogo(CreateUserStepDefinition.java:27)&#13;
cucumber.runner.Runner.runPickle(Runner.java:80)&#13;
</system-err></testcase></testsuite>